<?xml version="1.0" encoding="UTF-8"?>
<!-- Generated by org.testng.reporters.JUnitXMLReporter -->
<testsuite hostname="DESKTOP-42ER5TB" ignored="0" name="test3" tests="1" failures="1" timestamp="30 Mar 2018 18:26:30 GMT" time="0.065" errors="0">
  <testcase name="testPurchaseAProduct" time="0.003" classname="com.hybridFramework.productBuy.PurchaseAProduct">
    <failure type="java.lang.NullPointerException">
      <![CDATA[java.lang.NullPointerException
	at com.hybridFramework.testBase.Config.getWebsite(Config.java:21)
	at com.hybridFramework.productBuy.PurchaseAProduct.testPurchaseAProduct(PurchaseAProduct.java:30)
... Removed 25 stack frames]]>
    </failure>
  </testcase> <!-- testPurchaseAProduct -->
</testsuite> <!-- test3 -->
